[2m18:40:28[22m [31m[1m[vite][22m[39m [31m[2m(client)[22m[39m Pre-transform error: Failed to resolve import "virtual:works-manifest" from "src/main.jsx". Does the file exist?
  Plugin: [35mvite:import-analysis[39m
  File: [36mE:/文档/Zp project/src/main.jsx[39m:7:26
[33m  5  |  import LogoLoop from "./LogoLoop";
  6  |  import TextPressure from "./TextPressure";
  7  |  import worksManifest from "virtual:works-manifest";
     |                             ^
  8  |  import "./styles.css";
  9  |  import "./masonry.css";[39m
[2m09:38:48[22m [31m[1m[vite][22m[39m [31m[2m(client)[22m[39m Pre-transform error: Failed to resolve import "virtual:works-manifest" from "src/main.jsx". Does the file exist?
  Plugin: [35mvite:import-analysis[39m
  File: [36mE:/文档/Zp project/src/main.jsx[39m:7:26
[33m  5  |  import LogoLoop from "./LogoLoop";
  6  |  import TextPressure from "./TextPressure";
  7  |  import worksManifest from "virtual:works-manifest";
     |                             ^
  8  |  import "./styles.css";
  9  |  import "./masonry.css";[39m
[2m09:38:48[22m [31m[1m[vite][22m[39m [31mInternal server error: Failed to resolve import "virtual:works-manifest" from "src/main.jsx". Does the file exist?[39m
  Plugin: [35mvite:import-analysis[39m
  File: [36mE:/文档/Zp project/src/main.jsx[39m:7:26
[33m  5  |  import LogoLoop from "./LogoLoop";
  6  |  import TextPressure from "./TextPressure";
  7  |  import worksManifest from "virtual:works-manifest";
     |                             ^
  8  |  import "./styles.css";
  9  |  import "./masonry.css";[39m
      at TransformPluginContext._formatLog (file:///E:/%E6%96%87%E6%A1%A3/Zp%20project/node_modules/vite/dist/node/chunks/node.js:30366:39)
      at TransformPluginContext.error (file:///E:/%E6%96%87%E6%A1%A3/Zp%20project/node_modules/vite/dist/node/chunks/node.js:30363:14)
      at normalizeUrl (file:///E:/%E6%96%87%E6%A1%A3/Zp%20project/node_modules/vite/dist/node/chunks/node.js:27393:18)
      at async file:///E:/%E6%96%87%E6%A1%A3/Zp%20project/node_modules/vite/dist/node/chunks/node.js:27456:30
      at async Promise.all (index 6)
      at async TransformPluginContext.transform (file:///E:/%E6%96%87%E6%A1%A3/Zp%20project/node_modules/vite/dist/node/chunks/node.js:27424:4)
      at async EnvironmentPluginContainer.transform (file:///E:/%E6%96%87%E6%A1%A3/Zp%20project/node_modules/vite/dist/node/chunks/node.js:30151:14)
      at async loadAndTransform (file:///E:/%E6%96%87%E6%A1%A3/Zp%20project/node_modules/vite/dist/node/chunks/node.js:20098:26)
      at async viteTransformMiddleware (file:///E:/%E6%96%87%E6%A1%A3/Zp%20project/node_modules/vite/dist/node/chunks/node.js:24559:20)
[2m09:39:50[22m [31m[1m[vite][22m[39m [31mInternal server error: Failed to resolve import "virtual:works-manifest" from "src/main.jsx". Does the file exist?[39m
  Plugin: [35mvite:import-analysis[39m
  File: [36mE:/文档/Zp project/src/main.jsx[39m:7:26
[33m  5  |  import LogoLoop from "./LogoLoop";
  6  |  import TextPressure from "./TextPressure";
  7  |  import worksManifest from "virtual:works-manifest";
     |                             ^
  8  |  import "./styles.css";
  9  |  import "./masonry.css";[39m
      at TransformPluginContext._formatLog (file:///E:/%E6%96%87%E6%A1%A3/Zp%20project/node_modules/vite/dist/node/chunks/node.js:30366:39)
      at TransformPluginContext.error (file:///E:/%E6%96%87%E6%A1%A3/Zp%20project/node_modules/vite/dist/node/chunks/node.js:30363:14)
      at normalizeUrl (file:///E:/%E6%96%87%E6%A1%A3/Zp%20project/node_modules/vite/dist/node/chunks/node.js:27393:18)
      at async file:///E:/%E6%96%87%E6%A1%A3/Zp%20project/node_modules/vite/dist/node/chunks/node.js:27456:30
      at async Promise.all (index 6)
      at async TransformPluginContext.transform (file:///E:/%E6%96%87%E6%A1%A3/Zp%20project/node_modules/vite/dist/node/chunks/node.js:27424:4)
      at async EnvironmentPluginContainer.transform (file:///E:/%E6%96%87%E6%A1%A3/Zp%20project/node_modules/vite/dist/node/chunks/node.js:30151:14)
      at async loadAndTransform (file:///E:/%E6%96%87%E6%A1%A3/Zp%20project/node_modules/vite/dist/node/chunks/node.js:20098:26)
[2m09:39:50[22m [31m[1m[vite][22m[39m [31m[2m(client)[22m[39m Pre-transform error: Failed to resolve import "virtual:works-manifest" from "src/main.jsx". Does the file exist?
  Plugin: [35mvite:import-analysis[39m
  File: [36mE:/文档/Zp project/src/main.jsx[39m:7:26
[33m  5  |  import LogoLoop from "./LogoLoop";
  6  |  import TextPressure from "./TextPressure";
  7  |  import worksManifest from "virtual:works-manifest";
     |                             ^
  8  |  import "./styles.css";
  9  |  import "./masonry.css";[39m
[2m09:39:54[22m [31m[1m[vite][22m[39m [31mInternal server error: Failed to resolve import "virtual:works-manifest" from "src/main.jsx". Does the file exist?[39m
  Plugin: [35mvite:import-analysis[39m
  File: [36mE:/文档/Zp project/src/main.jsx[39m:7:26
[33m  5  |  import LogoLoop from "./LogoLoop";
  6  |  import TextPressure from "./TextPressure";
  7  |  import worksManifest from "virtual:works-manifest";
     |                             ^
  8  |  import "./styles.css";
  9  |  import "./masonry.css";[39m
      at TransformPluginContext._formatLog (file:///E:/%E6%96%87%E6%A1%A3/Zp%20project/node_modules/vite/dist/node/chunks/node.js:30366:39)
      at TransformPluginContext.error (file:///E:/%E6%96%87%E6%A1%A3/Zp%20project/node_modules/vite/dist/node/chunks/node.js:30363:14)
      at normalizeUrl (file:///E:/%E6%96%87%E6%A1%A3/Zp%20project/node_modules/vite/dist/node/chunks/node.js:27393:18)
      at async file:///E:/%E6%96%87%E6%A1%A3/Zp%20project/node_modules/vite/dist/node/chunks/node.js:27456:30
      at async Promise.all (index 6)
      at async TransformPluginContext.transform (file:///E:/%E6%96%87%E6%A1%A3/Zp%20project/node_modules/vite/dist/node/chunks/node.js:27424:4)
      at async EnvironmentPluginContainer.transform (file:///E:/%E6%96%87%E6%A1%A3/Zp%20project/node_modules/vite/dist/node/chunks/node.js:30151:14)
      at async loadAndTransform (file:///E:/%E6%96%87%E6%A1%A3/Zp%20project/node_modules/vite/dist/node/chunks/node.js:20098:26)
      at async viteTransformMiddleware (file:///E:/%E6%96%87%E6%A1%A3/Zp%20project/node_modules/vite/dist/node/chunks/node.js:24559:20)
