[2m09:41:51[22m [31m[1m[vite][22m[39m [31m[2m(client)[22m[39m [31m[Unhandled error] [1mTypeError[22m: Cannot read properties of null (reading 'ox')
[39m > src/main.jsx:161:112
    159 |    }, [onClose])
    160 |    const pointerDown = e => { drag.current = { x:e.clientX, y:e.clientY, ox:view.x, oy:view.y }; e.currentTarget.setPo...
    161 |  ...ew.scale === 1) return; setView(v => ({...v, x:drag.current.ox+e.clientX-drag.current.x, y:drag.current.oy+e.clien...
        |                                                                 ^
    162 |    return <motion.div className="lightbox" initial={{opacity:0}} animate={{opacity:1}} exit={{opacity:0}} onClick={onC...
    163 |      <div className="lightbox-bar"><div><span>{project.no} / {String(portfolioProjects.length).padStart(2,'0')}</span>...
 > basicStateReducer node_modules/react-dom/cjs/react-dom-client.development.js:7935:44
 > updateReducerImpl node_modules/react-dom/cjs/react-dom-client.development.js:8048:16
 > updateReducer node_modules/react-dom/cjs/react-dom-client.development.js:7968:13
 > Object.useState node_modules/react-dom/cjs/react-dom-client.development.js:26511:17
 > exports.useState node_modules/react/cjs/react.development.js:1263:33
 > Lightbox src/main.jsx:150:26
 > Object.react_stack_bottom_frame node_modules/react-dom/cjs/react-dom-client.development.js:25904:19
 > renderWithHooks node_modules/react-dom/cjs/react-dom-client.development.js:7662:21
 > updateFunctionComponent node_modules/react-dom/cjs/react-dom-client.development.js:10166:18

[2m09:41:51[22m [33m[1m[vite][22m[39m [33m[2m(client)[22m[39m [2m[console.warn] [22mAn error occurred in the <Lightbox> component.

Consider adding an error boundary to your tree to customize error handling behavior.
Visit https://react.dev/link/error-boundaries to learn more about error boundaries.

[2m09:42:35[22m [31m[1m[vite][22m[39m [31m[2m(client)[22m[39m [2m[console.error] [22mYou are calling ReactDOMClient.createRoot() on a container that has already been passed to createRoot() before. Instead, call root.render() on the existing root instead if you want to update it.
[2m09:46:34[22m [31m[1m[vite][22m[39m [31m[2m(client)[22m[39m [2m[console.error] [22mYou are calling ReactDOMClient.createRoot() on a container that has already been passed to createRoot() before. Instead, call root.render() on the existing root instead if you want to update it.
[2m09:49:37[22m [31m[1m[vite][22m[39m [31m[2m(client)[22m[39m [2m[console.error] [22mYou are calling ReactDOMClient.createRoot() on a container that has already been passed to createRoot() before. Instead, call root.render() on the existing root instead if you want to update it.
[2m09:50:09[22m [31m[1m[vite][22m[39m [31m[2m(client)[22m[39m [2m[console.error] [22mYou are calling ReactDOMClient.createRoot() on a container that has already been passed to createRoot() before. Instead, call root.render() on the existing root instead if you want to update it.
[2m09:58:58[22m [31m[1m[vite][22m[39m [31m[2m(client)[22m[39m [2m[console.error] [22mYou are calling ReactDOMClient.createRoot() on a container that has already been passed to createRoot() before. Instead, call root.render() on the existing root instead if you want to update it.
[2m09:58:58[22m [31m[1m[vite][22m[39m [31m[2m(client)[22m[39m [2m[console.error] [22mYou are calling ReactDOMClient.createRoot() on a container that has already been passed to createRoot() before. Instead, call root.render() on the existing root instead if you want to update it.
[2m09:59:33[22m [31m[1m[vite][22m[39m [31m[2m(client)[22m[39m [2m[console.error] [22mYou are calling ReactDOMClient.createRoot() on a container that has already been passed to createRoot() before. Instead, call root.render() on the existing root instead if you want to update it.
[2m09:59:33[22m [31m[1m[vite][22m[39m [31m[2m(client)[22m[39m [2m[console.error] [22mYou are calling ReactDOMClient.createRoot() on a container that has already been passed to createRoot() before. Instead, call root.render() on the existing root instead if you want to update it.
[2m10:15:17[22m [31m[1m[vite][22m[39m [31m[2m(client)[22m[39m [2m[console.error] [22mYou are calling ReactDOMClient.createRoot() on a container that has already been passed to createRoot() before. Instead, call root.render() on the existing root instead if you want to update it.
[2m10:15:17[22m [31m[1m[vite][22m[39m [31m[2m(client)[22m[39m [2m[console.error] [22mYou are calling ReactDOMClient.createRoot() on a container that has already been passed to createRoot() before. Instead, call root.render() on the existing root instead if you want to update it.
[2m10:16:21[22m [31m[1m[vite][22m[39m [31m[2m(client)[22m[39m [2m[console.error] [22mYou are calling ReactDOMClient.createRoot() on a container that has already been passed to createRoot() before. Instead, call root.render() on the existing root instead if you want to update it.
[2m10:49:21[22m [31m[1m[vite][22m[39m [31m[2m(client)[22m[39m [2m[console.error] [22mYou are calling ReactDOMClient.createRoot() on a container that has already been passed to createRoot() before. Instead, call root.render() on the existing root instead if you want to update it.
[2m10:51:36[22m [31m[1m[vite][22m[39m [31m[2m(client)[22m[39m [2m[console.error] [22mYou are calling ReactDOMClient.createRoot() on a container that has already been passed to createRoot() before. Instead, call root.render() on the existing root instead if you want to update it.
[2m10:51:36[22m [31m[1m[vite][22m[39m [31m[2m(client)[22m[39m [2m[console.error] [22mYou are calling ReactDOMClient.createRoot() on a container that has already been passed to createRoot() before. Instead, call root.render() on the existing root instead if you want to update it.
[2m11:14:38[22m [31m[1m[vite][22m[39m [31m[2m(client)[22m[39m [2m[console.error] [22mYou are calling ReactDOMClient.createRoot() on a container that has already been passed to createRoot() before. Instead, call root.render() on the existing root instead if you want to update it.
[2m11:14:38[22m [31m[1m[vite][22m[39m [31m[2m(client)[22m[39m [2m[console.error] [22mYou are calling ReactDOMClient.createRoot() on a container that has already been passed to createRoot() before. Instead, call root.render() on the existing root instead if you want to update it.
[2m11:26:07[22m [31m[1m[vite][22m[39m [31m[2m(client)[22m[39m [2m[console.error] [22mYou are calling ReactDOMClient.createRoot() on a container that has already been passed to createRoot() before. Instead, call root.render() on the existing root instead if you want to update it.
[2m11:26:40[22m [31m[1m[vite][22m[39m [31m[2m(client)[22m[39m [2m[console.error] [22mYou are calling ReactDOMClient.createRoot() on a container that has already been passed to createRoot() before. Instead, call root.render() on the existing root instead if you want to update it.
[2m11:55:19[22m [31m[1m[vite][22m[39m [31m[2m(client)[22m[39m [2m[console.error] [22mYou are calling ReactDOMClient.createRoot() on a container that has already been passed to createRoot() before. Instead, call root.render() on the existing root instead if you want to update it.
[2m11:58:02[22m [31m[1m[vite][22m[39m [31m[2m(client)[22m[39m [2m[console.error] [22mYou are calling ReactDOMClient.createRoot() on a container that has already been passed to createRoot() before. Instead, call root.render() on the existing root instead if you want to update it.
[2m12:09:48[22m [31m[1m[vite][22m[39m [31m[2m(client)[22m[39m [2m[console.error] [22mYou are calling ReactDOMClient.createRoot() on a container that has already been passed to createRoot() before. Instead, call root.render() on the existing root instead if you want to update it.
[2m12:15:14[22m [31m[1m[vite][22m[39m [31m[2m(client)[22m[39m [2m[console.error] [22mYou are calling ReactDOMClient.createRoot() on a container that has already been passed to createRoot() before. Instead, call root.render() on the existing root instead if you want to update it.
[2m12:28:42[22m [31m[1m[vite][22m[39m [31m[2m(client)[22m[39m Pre-transform error: Failed to resolve import "three/examples/jsm/controls/OrbitControls.js" from "src/ModelViewer.jsx". Does the file exist?
  Plugin: [35mvite:import-analysis[39m
  File: [36mE:/文档/Zp project/src/ModelViewer.jsx[39m:24:56
[33m  109 |  				});
  110 |  				if (!preview) {
  111 |  					const { OrbitControls } = await import("three/examples/jsm/controls/OrbitControls.js");
      |                                              ^
  112 |  					if (disposed) return;
  113 |  					controls = new OrbitControls(camera, renderer.domElement);[39m
[2m12:28:42[22m [31m[1m[vite][22m[39m [31m[2m(client)[22m[39m Pre-transform error: Failed to resolve import "three/examples/jsm/controls/OrbitControls.js" from "src/ModelViewer.jsx". Does the file exist?
  Plugin: [35mvite:import-analysis[39m
  File: [36mE:/文档/Zp project/src/ModelViewer.jsx[39m:24:56
[33m  109 |  				});
  110 |  				if (!preview) {
  111 |  					const { OrbitControls } = await import("three/examples/jsm/controls/OrbitControls.js");
      |                                              ^
  112 |  					if (disposed) return;
  113 |  					controls = new OrbitControls(camera, renderer.domElement);[39m
[2m12:28:42[22m [31m[1m[vite][22m[39m [31mInternal server error: Failed to resolve import "three" from "src/ModelViewer.jsx". Does the file exist?[39m
  Plugin: [35mvite:import-analysis[39m
  File: [36mE:/文档/Zp project/src/ModelViewer.jsx[39m:14:33
[33m  28 |  		const start = async () => {
  29 |  			try {
  30 |  				const THREE = await import("three"), { GLTFLoader } = await import("three/examples/jsm/loaders/GLTFLoader.js");
     |                                 ^
  31 |  				if (disposed) return;
  32 |  				renderer = new THREE.WebGLRenderer({[39m
      at TransformPluginContext._formatLog (file:///E:/%E6%96%87%E6%A1%A3/Zp%20project/node_modules/vite/dist/node/chunks/node.js:30366:39)
      at TransformPluginContext.error (file:///E:/%E6%96%87%E6%A1%A3/Zp%20project/node_modules/vite/dist/node/chunks/node.js:30363:14)
      at normalizeUrl (file:///E:/%E6%96%87%E6%A1%A3/Zp%20project/node_modules/vite/dist/node/chunks/node.js:27393:18)
      at async file:///E:/%E6%96%87%E6%A1%A3/Zp%20project/node_modules/vite/dist/node/chunks/node.js:27456:30
      at async Promise.all (index 3)
      at async TransformPluginContext.transform (file:///E:/%E6%96%87%E6%A1%A3/Zp%20project/node_modules/vite/dist/node/chunks/node.js:27424:4)
      at async EnvironmentPluginContainer.transform (file:///E:/%E6%96%87%E6%A1%A3/Zp%20project/node_modules/vite/dist/node/chunks/node.js:30151:14)
      at async loadAndTransform (file:///E:/%E6%96%87%E6%A1%A3/Zp%20project/node_modules/vite/dist/node/chunks/node.js:20098:26)
      at async viteTransformMiddleware (file:///E:/%E6%96%87%E6%A1%A3/Zp%20project/node_modules/vite/dist/node/chunks/node.js:24559:20)
[2m12:28:42[22m [31m[1m[vite][22m[39m [31m[2m(client)[22m[39m [2m[console.error] [22m[vite] Failed to reload /src/main.jsx. This could be due to syntax errors or importing non-existent modules. (see errors above)
[2m12:28:42[22m [31m[1m[vite][22m[39m [31m[2m(client)[22m[39m Pre-transform error: Failed to resolve import "three/examples/jsm/loaders/GLTFLoader.js" from "src/ModelViewer.jsx". Does the file exist?
  Plugin: [35mvite:import-analysis[39m
  File: [36mE:/文档/Zp project/src/ModelViewer.jsx[39m:14:68
[33m  28 |  		const start = async () => {
  29 |  			try {
  30 |  				const THREE = await import("three"), { GLTFLoader } = await import("three/examples/jsm/loaders/GLTFLoader.js");
     |                                                                         ^
  31 |  				if (disposed) return;
  32 |  				renderer = new THREE.WebGLRenderer({[39m
[2m12:28:42[22m [31m[1m[vite][22m[39m [31m[2m(client)[22m[39m Pre-transform error: Failed to resolve import "three/examples/jsm/loaders/GLTFLoader.js" from "src/ModelViewer.jsx". Does the file exist?
  Plugin: [35mvite:import-analysis[39m
  File: [36mE:/文档/Zp project/src/ModelViewer.jsx[39m:14:68
[33m  28 |  		const start = async () => {
  29 |  			try {
  30 |  				const THREE = await import("three"), { GLTFLoader } = await import("three/examples/jsm/loaders/GLTFLoader.js");
     |                                                                         ^
  31 |  				if (disposed) return;
  32 |  				renderer = new THREE.WebGLRenderer({[39m
[2m12:31:21[22m [31m[1m[vite][22m[39m [31m[2m(client)[22m[39m Pre-transform error: Failed to resolve import "three/examples/jsm/loaders/GLTFLoader.js" from "src/ModelViewer.jsx". Does the file exist?
  Plugin: [35mvite:import-analysis[39m
  File: [36mE:/文档/Zp project/src/ModelViewer.jsx[39m:14:68
[33m  28 |  		const start = async () => {
  29 |  			try {
  30 |  				const THREE = await import("three"), { GLTFLoader } = await import("three/examples/jsm/loaders/GLTFLoader.js");
     |                                                                         ^
  31 |  				if (disposed) return;
  32 |  				renderer = new THREE.WebGLRenderer({[39m
[2m12:31:21[22m [31m[1m[vite][22m[39m [31m[2m(client)[22m[39m Pre-transform error: Failed to resolve import "three/examples/jsm/loaders/GLTFLoader.js" from "src/ModelViewer.jsx". Does the file exist?
  Plugin: [35mvite:import-analysis[39m
  File: [36mE:/文档/Zp project/src/ModelViewer.jsx[39m:14:68
[33m  28 |  		const start = async () => {
  29 |  			try {
  30 |  				const THREE = await import("three"), { GLTFLoader } = await import("three/examples/jsm/loaders/GLTFLoader.js");
     |                                                                         ^
  31 |  				if (disposed) return;
  32 |  				renderer = new THREE.WebGLRenderer({[39m
[2m12:31:21[22m [31m[1m[vite][22m[39m [31m[2m(client)[22m[39m Pre-transform error: Failed to resolve import "three" from "src/ModelViewer.jsx". Does the file exist?
  Plugin: [35mvite:import-analysis[39m
  File: [36mE:/文档/Zp project/src/ModelViewer.jsx[39m:14:33
[33m  28 |  		const start = async () => {
  29 |  			try {
  30 |  				const THREE = await import("three"), { GLTFLoader } = await import("three/examples/jsm/loaders/GLTFLoader.js");
     |                                 ^
  31 |  				if (disposed) return;
  32 |  				renderer = new THREE.WebGLRenderer({[39m
[2m12:31:21[22m [31m[1m[vite][22m[39m [31mInternal server error: Failed to resolve import "three" from "src/ModelViewer.jsx". Does the file exist?[39m
  Plugin: [35mvite:import-analysis[39m
  File: [36mE:/文档/Zp project/src/ModelViewer.jsx[39m:14:33
[33m  28 |  		const start = async () => {
  29 |  			try {
  30 |  				const THREE = await import("three"), { GLTFLoader } = await import("three/examples/jsm/loaders/GLTFLoader.js");
     |                                 ^
  31 |  				if (disposed) return;
  32 |  				renderer = new THREE.WebGLRenderer({[39m
      at TransformPluginContext._formatLog (file:///E:/%E6%96%87%E6%A1%A3/Zp%20project/node_modules/vite/dist/node/chunks/node.js:30366:39)
      at TransformPluginContext.error (file:///E:/%E6%96%87%E6%A1%A3/Zp%20project/node_modules/vite/dist/node/chunks/node.js:30363:14)
      at normalizeUrl (file:///E:/%E6%96%87%E6%A1%A3/Zp%20project/node_modules/vite/dist/node/chunks/node.js:27393:18)
      at async file:///E:/%E6%96%87%E6%A1%A3/Zp%20project/node_modules/vite/dist/node/chunks/node.js:27456:30
      at async Promise.all (index 3)
      at async TransformPluginContext.transform (file:///E:/%E6%96%87%E6%A1%A3/Zp%20project/node_modules/vite/dist/node/chunks/node.js:27424:4)
      at async EnvironmentPluginContainer.transform (file:///E:/%E6%96%87%E6%A1%A3/Zp%20project/node_modules/vite/dist/node/chunks/node.js:30151:14)
      at async loadAndTransform (file:///E:/%E6%96%87%E6%A1%A3/Zp%20project/node_modules/vite/dist/node/chunks/node.js:20098:26)
[2m12:31:21[22m [31m[1m[vite][22m[39m [31m[2m(client)[22m[39m [2m[console.error] [22m[vite] Failed to reload /src/main.jsx. This could be due to syntax errors or importing non-existent modules. (see errors above)
[2m12:31:21[22m [31m[1m[vite][22m[39m [31m[2m(client)[22m[39m [2m[console.error] [22m[vite] Failed to reload /src/main.jsx. This could be due to syntax errors or importing non-existent modules. (see errors above)
[2m12:33:51[22m [31m[1m[vite][22m[39m [31mInternal server error: Failed to resolve import "three/examples/jsm/loaders/GLTFLoader.js" from "src/ModelViewer.jsx". Does the file exist?[39m
  Plugin: [35mvite:import-analysis[39m
  File: [36mE:/文档/Zp project/src/ModelViewer.jsx[39m:43:25
[33m  28 |  		const start = async () => {
  29 |  			try {
  30 |  				const THREE = await import("three"), { GLTFLoader } = await import("three/examples/jsm/loaders/GLTFLoader.js");
     |                                                                         ^
  31 |  				if (disposed) return;
  32 |  				renderer = new THREE.WebGLRenderer({[39m
      at TransformPluginContext._formatLog (file:///E:/%E6%96%87%E6%A1%A3/Zp%20project/node_modules/vite/dist/node/chunks/node.js:30366:39)
      at TransformPluginContext.error (file:///E:/%E6%96%87%E6%A1%A3/Zp%20project/node_modules/vite/dist/node/chunks/node.js:30363:14)
      at normalizeUrl (file:///E:/%E6%96%87%E6%A1%A3/Zp%20project/node_modules/vite/dist/node/chunks/node.js:27393:18)
      at async file:///E:/%E6%96%87%E6%A1%A3/Zp%20project/node_modules/vite/dist/node/chunks/node.js:27456:30
      at async Promise.all (index 4)
      at async TransformPluginContext.transform (file:///E:/%E6%96%87%E6%A1%A3/Zp%20project/node_modules/vite/dist/node/chunks/node.js:27424:4)
      at async EnvironmentPluginContainer.transform (file:///E:/%E6%96%87%E6%A1%A3/Zp%20project/node_modules/vite/dist/node/chunks/node.js:30151:14)
      at async loadAndTransform (file:///E:/%E6%96%87%E6%A1%A3/Zp%20project/node_modules/vite/dist/node/chunks/node.js:20098:26)
[2m12:33:51[22m [31m[1m[vite][22m[39m [31m[2m(client)[22m[39m Pre-transform error: Failed to resolve import "three/examples/jsm/loaders/GLTFLoader.js" from "src/ModelViewer.jsx". Does the file exist?
  Plugin: [35mvite:import-analysis[39m
  File: [36mE:/文档/Zp project/src/ModelViewer.jsx[39m:43:25
[33m  28 |  		const start = async () => {
  29 |  			try {
  30 |  				const THREE = await import("three"), { GLTFLoader } = await import("three/examples/jsm/loaders/GLTFLoader.js");
     |                                                                         ^
  31 |  				if (disposed) return;
  32 |  				renderer = new THREE.WebGLRenderer({[39m
[2m12:33:51[22m [31m[1m[vite][22m[39m [31m[2m(client)[22m[39m Pre-transform error: Failed to resolve import "three/examples/jsm/loaders/GLTFLoader.js" from "src/ModelViewer.jsx". Does the file exist?
  Plugin: [35mvite:import-analysis[39m
  File: [36mE:/文档/Zp project/src/ModelViewer.jsx[39m:43:25
[33m  28 |  		const start = async () => {
  29 |  			try {
  30 |  				const THREE = await import("three"), { GLTFLoader } = await import("three/examples/jsm/loaders/GLTFLoader.js");
     |                                                                         ^
  31 |  				if (disposed) return;
  32 |  				renderer = new THREE.WebGLRenderer({[39m
[2m12:33:51[22m [31m[1m[vite][22m[39m [31m[2m(client)[22m[39m [2m[console.error] [22m[vite] Failed to reload /src/main.jsx. This could be due to syntax errors or importing non-existent modules. (see errors above)
[2m12:35:25[22m [31m[1m[vite][22m[39m [31m[2m(client)[22m[39m Pre-transform error: Failed to resolve import "three/examples/jsm/loaders/GLTFLoader.js" from "src/ModelViewer.jsx". Does the file exist?
  Plugin: [35mvite:import-analysis[39m
  File: [36mE:/文档/Zp project/src/ModelViewer.jsx[39m:43:25
[33m  28 |  		const start = async () => {
  29 |  			try {
  30 |  ...HREE = await import("three"), { GLTFLoader } = await import("three/examples/jsm/loaders/GLTFLoader.js"), { Meshopt...
     |                                                                 ^
  31 |  				if (disposed) return;
  32 |  				renderer = new THREE.WebGLRenderer({[39m
[2m12:35:25[22m [31m[1m[vite][22m[39m [31mInternal server error: Failed to resolve import "three" from "src/ModelViewer.jsx". Does the file exist?[39m
  Plugin: [35mvite:import-analysis[39m
  File: [36mE:/文档/Zp project/src/ModelViewer.jsx[39m:41:35
[33m  28 |  		const start = async () => {
  29 |  			try {
  30 |  				const THREE = await import("three"), { GLTFLoader } = await import("three/examples/jsm/loaders/GLTFLoader.js"), {...
     |                                 ^
  31 |  				if (disposed) return;
  32 |  				renderer = new THREE.WebGLRenderer({[39m
      at TransformPluginContext._formatLog (file:///E:/%E6%96%87%E6%A1%A3/Zp%20project/node_modules/vite/dist/node/chunks/node.js:30366:39)
      at TransformPluginContext.error (file:///E:/%E6%96%87%E6%A1%A3/Zp%20project/node_modules/vite/dist/node/chunks/node.js:30363:14)
      at normalizeUrl (file:///E:/%E6%96%87%E6%A1%A3/Zp%20project/node_modules/vite/dist/node/chunks/node.js:27393:18)
      at async file:///E:/%E6%96%87%E6%A1%A3/Zp%20project/node_modules/vite/dist/node/chunks/node.js:27456:30
      at async Promise.all (index 3)
      at async TransformPluginContext.transform (file:///E:/%E6%96%87%E6%A1%A3/Zp%20project/node_modules/vite/dist/node/chunks/node.js:27424:4)
      at async EnvironmentPluginContainer.transform (file:///E:/%E6%96%87%E6%A1%A3/Zp%20project/node_modules/vite/dist/node/chunks/node.js:30151:14)
      at async loadAndTransform (file:///E:/%E6%96%87%E6%A1%A3/Zp%20project/node_modules/vite/dist/node/chunks/node.js:20098:26)
[2m12:35:25[22m [31m[1m[vite][22m[39m [31m[2m(client)[22m[39m Pre-transform error: Failed to resolve import "three" from "src/ModelViewer.jsx". Does the file exist?
  Plugin: [35mvite:import-analysis[39m
  File: [36mE:/文档/Zp project/src/ModelViewer.jsx[39m:41:35
[33m  28 |  		const start = async () => {
  29 |  			try {
  30 |  				const THREE = await import("three"), { GLTFLoader } = await import("three/examples/jsm/loaders/GLTFLoader.js"), {...
     |                                 ^
  31 |  				if (disposed) return;
  32 |  				renderer = new THREE.WebGLRenderer({[39m
[2m12:35:25[22m [31m[1m[vite][22m[39m [31m[2m(client)[22m[39m [2m[console.error] [22m[vite] Failed to reload /src/main.jsx. This could be due to syntax errors or importing non-existent modules. (see errors above)
[2m12:35:25[22m [31m[1m[vite][22m[39m [31m[2m(client)[22m[39m Pre-transform error: Failed to resolve import "three" from "src/ModelViewer.jsx". Does the file exist?
  Plugin: [35mvite:import-analysis[39m
  File: [36mE:/文档/Zp project/src/ModelViewer.jsx[39m:41:35
[33m  28 |  		const start = async () => {
  29 |  			try {
  30 |  				const THREE = await import("three"), { GLTFLoader } = await import("three/examples/jsm/loaders/GLTFLoader.js"), {...
     |                                 ^
  31 |  				if (disposed) return;
  32 |  				renderer = new THREE.WebGLRenderer({[39m
[2m12:35:25[22m [31m[1m[vite][22m[39m [31m[2m(client)[22m[39m Pre-transform error: Failed to resolve import "three" from "src/ModelViewer.jsx". Does the file exist?
  Plugin: [35mvite:import-analysis[39m
  File: [36mE:/文档/Zp project/src/ModelViewer.jsx[39m:41:35
[33m  28 |  		const start = async () => {
  29 |  			try {
  30 |  				const THREE = await import("three"), { GLTFLoader } = await import("three/examples/jsm/loaders/GLTFLoader.js"), {...
     |                                 ^
  31 |  				if (disposed) return;
  32 |  				renderer = new THREE.WebGLRenderer({[39m
